0 info it worked if it ends with ok
1 verbose cli [ '/usr/local/bin/node',
1 verbose cli   '/usr/local/bin/npm',
1 verbose cli   'install',
1 verbose cli   'jquery',
1 verbose cli   'echarts',
1 verbose cli   'd3js',
1 verbose cli   '--save-dev' ]
2 info using npm@3.8.3
3 info using node@v4.1.0
4 silly loadCurrentTree Starting
5 silly install loadCurrentTree
6 silly install readLocalPackageData
7 silly fetchPackageMetaData jquery
8 silly fetchPackageMetaData echarts
9 silly fetchPackageMetaData d3js
10 silly fetchNamedPackageData jquery
11 silly mapToRegistry name jquery
12 silly mapToRegistry using default registry
13 silly mapToRegistry registry https://registry.npmjs.org/
14 silly mapToRegistry data Result {
14 silly mapToRegistry   raw: 'jquery',
14 silly mapToRegistry   scope: null,
14 silly mapToRegistry   name: 'jquery',
14 silly mapToRegistry   rawSpec: '',
14 silly mapToRegistry   spec: 'latest',
14 silly mapToRegistry   type: 'tag' }
15 silly mapToRegistry uri https://registry.npmjs.org/jquery
16 silly fetchNamedPackageData echarts
17 silly mapToRegistry name echarts
18 silly mapToRegistry using default registry
19 silly mapToRegistry registry https://registry.npmjs.org/
20 silly mapToRegistry data Result {
20 silly mapToRegistry   raw: 'echarts',
20 silly mapToRegistry   scope: null,
20 silly mapToRegistry   name: 'echarts',
20 silly mapToRegistry   rawSpec: '',
20 silly mapToRegistry   spec: 'latest',
20 silly mapToRegistry   type: 'tag' }
21 silly mapToRegistry uri https://registry.npmjs.org/echarts
22 silly fetchNamedPackageData d3js
23 silly mapToRegistry name d3js
24 silly mapToRegistry using default registry
25 silly mapToRegistry registry https://registry.npmjs.org/
26 silly mapToRegistry data Result {
26 silly mapToRegistry   raw: 'd3js',
26 silly mapToRegistry   scope: null,
26 silly mapToRegistry   name: 'd3js',
26 silly mapToRegistry   rawSpec: '',
26 silly mapToRegistry   spec: 'latest',
26 silly mapToRegistry   type: 'tag' }
27 silly mapToRegistry uri https://registry.npmjs.org/d3js
28 verbose request uri https://registry.npmjs.org/d3js
29 verbose request no auth needed
30 info attempt registry request try #1 at 15:14:36
31 verbose request id b26216070f8e0f73
32 http request GET https://registry.npmjs.org/d3js
33 verbose request uri https://registry.npmjs.org/echarts
34 verbose request no auth needed
35 info attempt registry request try #1 at 15:14:36
36 verbose etag "1JBPE6KXK9SYI5030XA3R2AYU"
37 http request GET https://registry.npmjs.org/echarts
38 verbose request uri https://registry.npmjs.org/jquery
39 verbose request no auth needed
40 info attempt registry request try #1 at 15:14:36
41 verbose etag "53D7XTNA2E86YLAH5WJVI8H0F"
42 http request GET https://registry.npmjs.org/jquery
43 info retry will retry, error on last attempt: Error: connect ETIMEDOUT 151.101.76.162:443
44 info retry will retry, error on last attempt: Error: connect ETIMEDOUT 151.101.76.162:443
45 info retry will retry, error on last attempt: Error: connect ETIMEDOUT 151.101.76.162:443
46 info attempt registry request try #2 at 15:16:01
47 verbose etag "1JBPE6KXK9SYI5030XA3R2AYU"
48 http request GET https://registry.npmjs.org/echarts
49 info attempt registry request try #2 at 15:16:01
50 http request GET https://registry.npmjs.org/d3js
51 info attempt registry request try #2 at 15:16:01
52 verbose etag "53D7XTNA2E86YLAH5WJVI8H0F"
53 http request GET https://registry.npmjs.org/jquery
54 info retry will retry, error on last attempt: Error: connect ETIMEDOUT 151.101.76.162:443
55 info retry will retry, error on last attempt: Error: connect ETIMEDOUT 151.101.76.162:443
56 info retry will retry, error on last attempt: Error: connect ETIMEDOUT 151.101.76.162:443
57 info attempt registry request try #3 at 15:18:16
58 verbose etag "1JBPE6KXK9SYI5030XA3R2AYU"
59 http request GET https://registry.npmjs.org/echarts
60 info attempt registry request try #3 at 15:18:16
61 verbose etag "53D7XTNA2E86YLAH5WJVI8H0F"
62 http request GET https://registry.npmjs.org/jquery
63 info attempt registry request try #3 at 15:18:16
64 http request GET https://registry.npmjs.org/d3js
65 silly get cb [ 304, undefined ]
66 verbose etag https://registry.npmjs.org/jquery from cache
67 verbose get saving jquery to /Users/overkazaf/.npm/registry.npmjs.org/jquery/.cache.json
68 verbose correctMkdir /Users/overkazaf/.npm correctMkdir not in flight; initializing
69 silly get cb [ 304, undefined ]
70 verbose etag https://registry.npmjs.org/echarts from cache
71 verbose get saving echarts to /Users/overkazaf/.npm/registry.npmjs.org/echarts/.cache.json
72 verbose correctMkdir /Users/overkazaf/.npm correctMkdir already in flight; waiting
73 silly fetchPackageMetaData Error: connect ETIMEDOUT 151.101.76.162:443
73 silly fetchPackageMetaData     at Object.exports._errnoException (util.js:837:11)
73 silly fetchPackageMetaData     at exports._exceptionWithHostPort (util.js:860:20)
73 silly fetchPackageMetaData     at TCPConnectWrap.afterConnect [as oncomplete] (net.js:1060:14)
73 silly fetchPackageMetaData  error for d3js { [Error: connect ETIMEDOUT 151.101.76.162:443]
73 silly fetchPackageMetaData   code: 'ETIMEDOUT',
73 silly fetchPackageMetaData   errno: 'ETIMEDOUT',
73 silly fetchPackageMetaData   syscall: 'connect',
73 silly fetchPackageMetaData   address: '151.101.76.162',
73 silly fetchPackageMetaData   port: 443 }
74 silly rollbackFailedOptional Starting
75 silly rollbackFailedOptional Finishing
76 silly runTopLevelLifecycles Starting
77 silly runTopLevelLifecycles Finishing
78 silly install printInstalled
79 verbose stack Error: connect ETIMEDOUT 151.101.76.162:443
79 verbose stack     at Object.exports._errnoException (util.js:837:11)
79 verbose stack     at exports._exceptionWithHostPort (util.js:860:20)
79 verbose stack     at TCPConnectWrap.afterConnect [as oncomplete] (net.js:1060:14)
80 verbose cwd /Users/overkazaf/Desktop/codes/git/es6/chart_proj_gen
81 error Darwin 15.4.0
82 error argv "/usr/local/bin/node" "/usr/local/bin/npm" "install" "jquery" "echarts" "d3js" "--save-dev"
83 error node v4.1.0
84 error npm  v3.8.3
85 error code ETIMEDOUT
86 error errno ETIMEDOUT
87 error syscall connect
88 error network connect ETIMEDOUT 151.101.76.162:443
89 error network This is most likely not a problem with npm itself
89 error network and is related to network connectivity.
89 error network In most cases you are behind a proxy or have bad network settings.
89 error network
89 error network If you are behind a proxy, please make sure that the
89 error network 'proxy' config is set properly.  See: 'npm help config'
90 verbose exit [ 1, true ]
